Library/Bee/Android/Prj/IL2CPP/Gradle/launcher/build/intermediates/manifest_merge_blame_file/release/manifest-merger-blame-release-report.txt
1<?xml version="1.0" encoding="utf-8"?>
2<manifest xmlns:android="http://schemas.android.com/apk/res/android"
3    package="com.RafaelLuna.Vrclass"
4    android:installLocation="auto"
5    android:versionCode="1"
6    android:versionName="1" >
7
8    <uses-sdk
9        android:minSdkVersion="23"
9-->src\main\AndroidManifest.xml
10        android:targetSdkVersion="30" />
10-->src\main\AndroidManifest.xml
11
12    <supports-screens
12-->src\main\AndroidManifest.xml:3:3-163
13        android:anyDensity="true"
13-->src\main\AndroidManifest.xml:3:135-160
14        android:largeScreens="true"
14-->src\main\AndroidManifest.xml:3:78-105
15        android:normalScreens="true"
15-->src\main\AndroidManifest.xml:3:49-77
16        android:smallScreens="true"
16-->src\main\AndroidManifest.xml:3:21-48
17        android:xlargeScreens="true" />
17-->src\main\AndroidManifest.xml:3:106-134
18
19    <uses-feature android:glEsVersion="0x00030000" />
19-->[:unityLibrary] AndroidManifest.xml:13:5-54
19-->[:unityLibrary] AndroidManifest.xml:13:19-51
20
21    <supports-gl-texture android:name="GL_KHR_texture_compression_astc_ldr" />
21-->[:unityLibrary] AndroidManifest.xml:15:5-79
21-->[:unityLibrary] AndroidManifest.xml:15:26-76
22
23    <uses-permission android:name="android.permission.INTERNET" />
23-->[:unityLibrary] AndroidManifest.xml:17:5-67
23-->[:unityLibrary] AndroidManifest.xml:17:22-64
24    <uses-permission android:name="android.permission.RECORD_AUDIO" />
24-->[:unityLibrary] AndroidManifest.xml:18:5-71
24-->[:unityLibrary] AndroidManifest.xml:18:22-68
25    <uses-permission android:name="android.permission.MODIFY_AUDIO_SETTINGS" />
25-->[:unityLibrary] AndroidManifest.xml:19:5-80
25-->[:unityLibrary] AndroidManifest.xml:19:22-77
26
27    <uses-feature
27-->[:unityLibrary] AndroidManifest.xml:21:5-23:36
28        android:name="android.hardware.microphone"
28-->[:unityLibrary] AndroidManifest.xml:22:9-51
29        android:required="false" />
29-->[:unityLibrary] AndroidManifest.xml:23:9-33
30    <uses-feature
30-->[:unityLibrary] AndroidManifest.xml:24:5-26:36
31        android:name="android.hardware.touchscreen"
31-->[:unityLibrary] AndroidManifest.xml:25:9-52
32        android:required="false" />
32-->[:unityLibrary] AndroidManifest.xml:26:9-33
33    <uses-feature
33-->[:unityLibrary] AndroidManifest.xml:27:5-29:36
34        android:name="android.hardware.touchscreen.multitouch"
34-->[:unityLibrary] AndroidManifest.xml:28:9-63
35        android:required="false" />
35-->[:unityLibrary] AndroidManifest.xml:29:9-33
36    <uses-feature
36-->[:unityLibrary] AndroidManifest.xml:30:5-32:36
37        android:name="android.hardware.touchscreen.multitouch.distinct"
37-->[:unityLibrary] AndroidManifest.xml:31:9-72
38        android:required="false" />
38-->[:unityLibrary] AndroidManifest.xml:32:9-33
39    <uses-feature
39-->[:unityLibrary] AndroidManifest.xml:33:5-36:31
40        android:name="android.hardware.vr.headtracking"
40-->[:unityLibrary] AndroidManifest.xml:34:9-56
41        android:required="true"
41-->[:unityLibrary] AndroidManifest.xml:35:9-32
42        android:version="1" />
42-->[:unityLibrary] AndroidManifest.xml:36:9-28
43
44    <application
44-->src\main\AndroidManifest.xml:4:3-83
45        android:allowBackup="false"
45-->[:unityLibrary] AndroidManifest.xml:39:9-36
46        android:extractNativeLibs="true"
46-->[:unityLibrary] AndroidManifest.xml:40:9-41
47        android:icon="@mipmap/app_icon"
47-->src\main\AndroidManifest.xml:4:49-80
48        android:label="@string/app_name"
48-->src\main\AndroidManifest.xml:4:16-48
49        android:networkSecurityConfig="@xml/network_sec_config" >
49-->[:unityLibrary] AndroidManifest.xml:43:9-64
50        <activity
50-->[:unityLibrary] AndroidManifest.xml:44:9-68:20
51            android:name="com.unity3d.player.UnityPlayerActivity"
51-->[:unityLibrary] AndroidManifest.xml:45:13-66
52            android:configChanges="keyboard|keyboardHidden|navigation|orientation|screenLayout|screenSize|uiMode"
52-->[:unityLibrary] AndroidManifest.xml:46:13-114
53            android:hardwareAccelerated="false"
53-->[:unityLibrary] AndroidManifest.xml:47:13-48
54            android:launchMode="singleTask"
54-->[:unityLibrary] AndroidManifest.xml:48:13-44
55            android:resizeableActivity="false"
55-->[:unityLibrary] AndroidManifest.xml:49:13-47
56            android:screenOrientation="landscape"
56-->[:unityLibrary] AndroidManifest.xml:50:13-50
57            android:theme="@android:style/Theme.Black.NoTitleBar.Fullscreen" >
57-->[:unityLibrary] AndroidManifest.xml:51:13-77
58            <intent-filter>
58-->[:unityLibrary] AndroidManifest.xml:52:13-57:29
59                <action android:name="android.intent.action.MAIN" />
59-->[:unityLibrary] AndroidManifest.xml:53:17-69
59-->[:unityLibrary] AndroidManifest.xml:53:25-66
60
61                <category android:name="android.intent.category.LAUNCHER" />
61-->[:unityLibrary] AndroidManifest.xml:55:17-77
61-->[:unityLibrary] AndroidManifest.xml:55:27-74
62                <category android:name="com.oculus.intent.category.VR" />
62-->[:unityLibrary] AndroidManifest.xml:56:17-74
62-->[:unityLibrary] AndroidManifest.xml:56:27-71
63            </intent-filter>
64
65            <meta-data
65-->[:unityLibrary] AndroidManifest.xml:59:13-61:40
66                android:name="unityplayer.UnityActivity"
66-->[:unityLibrary] AndroidManifest.xml:60:17-57
67                android:value="true" />
67-->[:unityLibrary] AndroidManifest.xml:61:17-37
68            <meta-data
68-->[:unityLibrary] AndroidManifest.xml:62:13-64:40
69                android:name="android.notch_support"
69-->[:unityLibrary] AndroidManifest.xml:63:17-53
70                android:value="true" />
70-->[:unityLibrary] AndroidManifest.xml:64:17-37
71            <meta-data
71-->[:unityLibrary] AndroidManifest.xml:65:13-67:40
72                android:name="com.oculus.vr.focusaware"
72-->[:unityLibrary] AndroidManifest.xml:66:17-56
73                android:value="true" />
73-->[:unityLibrary] AndroidManifest.xml:67:17-37
74        </activity>
75
76        <meta-data
76-->[:unityLibrary] AndroidManifest.xml:70:9-72:33
77            android:name="unity.splash-mode"
77-->[:unityLibrary] AndroidManifest.xml:71:13-45
78            android:value="0" />
78-->[:unityLibrary] AndroidManifest.xml:72:13-30
79        <meta-data
79-->[:unityLibrary] AndroidManifest.xml:73:9-75:36
80            android:name="unity.splash-enable"
80-->[:unityLibrary] AndroidManifest.xml:74:13-47
81            android:value="True" />
81-->[:unityLibrary] AndroidManifest.xml:75:13-33
82        <meta-data
82-->[:unityLibrary] AndroidManifest.xml:76:9-78:36
83            android:name="unity.launch-fullscreen"
83-->[:unityLibrary] AndroidManifest.xml:77:13-51
84            android:value="True" />
84-->[:unityLibrary] AndroidManifest.xml:78:13-33
85        <meta-data
85-->[:unityLibrary] AndroidManifest.xml:79:9-81:37
86            android:name="unity.allow-resizable-window"
86-->[:unityLibrary] AndroidManifest.xml:80:13-56
87            android:value="False" />
87-->[:unityLibrary] AndroidManifest.xml:81:13-34
88        <meta-data
88-->[:unityLibrary] AndroidManifest.xml:82:9-84:50
89            android:name="notch.config"
89-->[:unityLibrary] AndroidManifest.xml:83:13-40
90            android:value="portrait|landscape" />
90-->[:unityLibrary] AndroidManifest.xml:84:13-47
91        <meta-data
91-->[:unityLibrary] AndroidManifest.xml:85:9-87:39
92            android:name="com.samsung.android.vr.application.mode"
92-->[:unityLibrary] AndroidManifest.xml:86:13-67
93            android:value="vr_only" />
93-->[:unityLibrary] AndroidManifest.xml:87:13-36
94        <meta-data
94-->[:unityLibrary] AndroidManifest.xml:88:9-90:36
95            android:name="com.unity.xr.oculus.LowOverheadMode"
95-->[:unityLibrary] AndroidManifest.xml:89:13-63
96            android:value="true" />
96-->[:unityLibrary] AndroidManifest.xml:90:13-33
97        <meta-data
97-->[:unityLibrary] AndroidManifest.xml:91:9-93:37
98            android:name="com.unity.xr.oculus.LateLatching"
98-->[:unityLibrary] AndroidManifest.xml:92:13-60
99            android:value="false" />
99-->[:unityLibrary] AndroidManifest.xml:93:13-34
100        <meta-data
100-->[:unityLibrary] AndroidManifest.xml:94:9-96:37
101            android:name="com.unity.xr.oculus.LateLatchingDebug"
101-->[:unityLibrary] AndroidManifest.xml:95:13-65
102            android:value="false" />
102-->[:unityLibrary] AndroidManifest.xml:96:13-34
103        <meta-data
103-->[:unityLibrary] AndroidManifest.xml:97:9-99:44
104            android:name="com.oculus.supportedDevices"
104-->[:unityLibrary] AndroidManifest.xml:98:13-55
105            android:value="quest|quest2" />
105-->[:unityLibrary] AndroidManifest.xml:99:13-41
106    </application>
107
108</manifest>